Nov 22, 2018 6:38:01 PM nl.cypherpunk.statelearner.Learner <init>
INFO: Using TLS SUL
Nov 22, 2018 6:38:06 PM nl.cypherpunk.statelearner.Learner learn
INFO: Using learning algorithm ExtensibleLStarMealy
Nov 22, 2018 6:38:06 PM nl.cypherpunk.statelearner.Learner learn
INFO: Using equivalence algorithm MealyModifiedWMethodEQOracle
Nov 22, 2018 6:38:06 PM nl.cypherpunk.statelearner.Learner learn
INFO: Starting learning
Nov 22, 2018 6:38:06 PM de.learnlib.logging.LearnLogger logPhase
INFO: Starting round 1
Nov 22, 2018 6:44:38 PM nl.cypherpunk.statelearner.Learner learn
INFO: -------------------------------------------------------
Nov 22, 2018 6:44:38 PM nl.cypherpunk.statelearner.Learner learn
INFO: Learning [ms]: 117839, (117.839 s)
Searching for counter-example [ms]: 273856, (273.856 s)
Total time [ms]: 391762, (391.762 s)

Nov 22, 2018 6:44:38 PM nl.cypherpunk.statelearner.Learner learn
INFO: Rounds []: 1
Nov 22, 2018 6:44:38 PM nl.cypherpunk.statelearner.Learner learn
INFO: membership queries to SUL [queries]: 639
Nov 22, 2018 6:44:38 PM nl.cypherpunk.statelearner.Learner learn
INFO: membership queries to cache [queries]: 639
Nov 22, 2018 6:44:38 PM nl.cypherpunk.statelearner.Learner learn
INFO: equivalence queries to SUL [queries]: 696
Nov 22, 2018 6:44:38 PM nl.cypherpunk.statelearner.Learner learn
INFO: equivalence queries to cache [queries]: 696
Nov 22, 2018 6:44:38 PM nl.cypherpunk.statelearner.Learner learn
INFO: States in final hypothesis: 7
